::1 - - [19/Jan/2020:17:38:56 +0000] "GET /students HTTP/1.1" 200 85 "-" "Mozilla/5.0 (Windows NT 10.0; Win64; x64) AppleWebKit/537.36 (KHTML, like Gecko) Chrome/79.0.3945.117 Safari/537.36"
::1 - - [19/Jan/2020:17:40:41 +0000] "GET /students HTTP/1.1" 200 85 "-" "Mozilla/5.0 (Windows NT 10.0; Win64; x64) AppleWebKit/537.36 (KHTML, like Gecko) Chrome/79.0.3945.117 Safari/537.36"
::1 - - [19/Jan/2020:17:40:54 +0000] "GET /students HTTP/1.1" 200 85 "-" "Mozilla/5.0 (Windows NT 10.0; Win64; x64) AppleWebKit/537.36 (KHTML, like Gecko) Chrome/79.0.3945.117 Safari/537.36"
::1 - - [19/Jan/2020:17:44:29 +0000] "POST /students/uploadfile HTTP/1.1" 200 236 "-" "Mozilla/5.0 (Windows NT 10.0; Win64; x64) AppleWebKit/537.36 (KHTML, like Gecko) Chrome/79.0.3945.117 Safari/537.36"
::1 - - [19/Jan/2020:17:45:04 +0000] "GET /picture/359b88a8ab0395a4c98d6cec1b3902eb HTTP/1.1" 404 1550 "-" "Mozilla/5.0 (Windows NT 10.0; Win64; x64) AppleWebKit/537.36 (KHTML, like Gecko) Chrome/79.0.3945.117 Safari/537.36"
::1 - - [19/Jan/2020:17:45:04 +0000] "GET /stylesheets/style.css HTTP/1.1" 304 - "http://localhost:3000/picture/359b88a8ab0395a4c98d6cec1b3902eb" "Mozilla/5.0 (Windows NT 10.0; Win64; x64) AppleWebKit/537.36 (KHTML, like Gecko) Chrome/79.0.3945.117 Safari/537.36"
::1 - - [19/Jan/2020:17:45:33 +0000] "GET /picture/359b88a8ab0395a4c98d6cec1b3902eb HTTP/1.1" 404 1652 "-" "Mozilla/5.0 (Windows NT 10.0; Win64; x64) AppleWebKit/537.36 (KHTML, like Gecko) Chrome/79.0.3945.117 Safari/537.36"
::1 - - [19/Jan/2020:17:45:33 +0000] "GET /stylesheets/style.css HTTP/1.1" 304 - "http://localhost:3000/picture/359b88a8ab0395a4c98d6cec1b3902eb" "Mozilla/5.0 (Windows NT 10.0; Win64; x64) AppleWebKit/537.36 (KHTML, like Gecko) Chrome/79.0.3945.117 Safari/537.36"
::1 - - [19/Jan/2020:17:45:36 +0000] "GET /picture/359b88a8ab0395a4c98d6cec1b3902eb HTTP/1.1" 404 1652 "-" "Mozilla/5.0 (Windows NT 10.0; Win64; x64) AppleWebKit/537.36 (KHTML, like Gecko) Chrome/79.0.3945.117 Safari/537.36"
::1 - - [19/Jan/2020:17:45:36 +0000] "GET /stylesheets/style.css HTTP/1.1" 304 - "http://localhost:3000/picture/359b88a8ab0395a4c98d6cec1b3902eb" "Mozilla/5.0 (Windows NT 10.0; Win64; x64) AppleWebKit/537.36 (KHTML, like Gecko) Chrome/79.0.3945.117 Safari/537.36"
::1 - - [19/Jan/2020:17:57:08 +0000] "POST /students/uploadfile HTTP/1.1" 200 236 "-" "Mozilla/5.0 (Windows NT 10.0; Win64; x64) AppleWebKit/537.36 (KHTML, like Gecko) Chrome/79.0.3945.117 Safari/537.36"
::1 - - [19/Jan/2020:17:59:40 +0000] "GET /students HTTP/1.1" 200 85 "-" "Mozilla/5.0 (Windows NT 10.0; Win64; x64) AppleWebKit/537.36 (KHTML, like Gecko) Chrome/79.0.3945.117 Safari/537.36"
::1 - - [19/Jan/2020:18:00:36 +0000] "POST /students/imagedata HTTP/1.1" 500 1759 "-" "Mozilla/5.0 (Windows NT 10.0; Win64; x64) AppleWebKit/537.36 (KHTML, like Gecko) Chrome/79.0.3945.117 Safari/537.36"
::1 - - [19/Jan/2020:18:01:01 +0000] "POST /students/imagedata HTTP/1.1" 500 1759 "-" "Mozilla/5.0 (Windows NT 10.0; Win64; x64) AppleWebKit/537.36 (KHTML, like Gecko) Chrome/79.0.3945.117 Safari/537.36"
::1 - - [19/Jan/2020:18:03:43 +0000] "GET /students HTTP/1.1" 200 85 "-" "Mozilla/5.0 (Windows NT 10.0; Win64; x64) AppleWebKit/537.36 (KHTML, like Gecko) Chrome/79.0.3945.117 Safari/537.36"
::1 - - [19/Jan/2020:18:05:09 +0000] "GET /students HTTP/1.1" 200 85 "-" "Mozilla/5.0 (Windows NT 10.0; Win64; x64) AppleWebKit/537.36 (KHTML, like Gecko) Chrome/79.0.3945.117 Safari/537.36"
::1 - - [19/Jan/2020:18:05:17 +0000] "POST /students HTTP/1.1" 200 83 "-" "Mozilla/5.0 (Windows NT 10.0; Win64; x64) AppleWebKit/537.36 (KHTML, like Gecko) Chrome/79.0.3945.117 Safari/537.36"
::1 - - [19/Jan/2020:18:05:21 +0000] "GET /students HTTP/1.1" 200 169 "-" "Mozilla/5.0 (Windows NT 10.0; Win64; x64) AppleWebKit/537.36 (KHTML, like Gecko) Chrome/79.0.3945.117 Safari/537.36"
::1 - - [19/Jan/2020:20:49:38 +0000] "POST /students/uploadfile HTTP/1.1" 500 1759 "-" "Mozilla/5.0 (Windows NT 10.0; Win64; x64) AppleWebKit/537.36 (KHTML, like Gecko) Chrome/79.0.3945.117 Safari/537.36"
::1 - - [19/Jan/2020:20:50:04 +0000] "POST /students/uploadfile HTTP/1.1" 200 104 "-" "Mozilla/5.0 (Windows NT 10.0; Win64; x64) AppleWebKit/537.36 (KHTML, like Gecko) Chrome/79.0.3945.117 Safari/537.36"
::1 - - [19/Jan/2020:20:50:12 +0000] "GET /students/uploadfile HTTP/1.1" 404 1652 "-" "Mozilla/5.0 (Windows NT 10.0; Win64; x64) AppleWebKit/537.36 (KHTML, like Gecko) Chrome/79.0.3945.117 Safari/537.36"
::1 - - [19/Jan/2020:20:50:16 +0000] "GET /students HTTP/1.1" 200 190 "-" "Mozilla/5.0 (Windows NT 10.0; Win64; x64) AppleWebKit/537.36 (KHTML, like Gecko) Chrome/79.0.3945.117 Safari/537.36"
::1 - - [19/Jan/2020:20:50:39 +0000] "POST /students/uploadfile HTTP/1.1" 200 104 "-" "Mozilla/5.0 (Windows NT 10.0; Win64; x64) AppleWebKit/537.36 (KHTML, like Gecko) Chrome/79.0.3945.117 Safari/537.36"
::1 - - [19/Jan/2020:20:50:43 +0000] "GET /students/uploadfile HTTP/1.1" 404 1652 "-" "Mozilla/5.0 (Windows NT 10.0; Win64; x64) AppleWebKit/537.36 (KHTML, like Gecko) Chrome/79.0.3945.117 Safari/537.36"
::1 - - [19/Jan/2020:20:50:47 +0000] "GET /students HTTP/1.1" 200 295 "-" "Mozilla/5.0 (Windows NT 10.0; Win64; x64) AppleWebKit/537.36 (KHTML, like Gecko) Chrome/79.0.3945.117 Safari/537.36"
::1 - - [19/Jan/2020:20:54:44 +0000] "POST /students/uploadfile HTTP/1.1" 200 57 "-" "Mozilla/5.0 (Windows NT 10.0; Win64; x64) AppleWebKit/537.36 (KHTML, like Gecko) Chrome/79.0.3945.117 Safari/537.36"
::1 - - [19/Jan/2020:20:55:08 +0000] "GET /students/uploadfile HTTP/1.1" 404 1652 "-" "Mozilla/5.0 (Windows NT 10.0; Win64; x64) AppleWebKit/537.36 (KHTML, like Gecko) Chrome/79.0.3945.117 Safari/537.36"
::1 - - [19/Jan/2020:20:55:13 +0000] "GET /students HTTP/1.1" 200 143 "-" "Mozilla/5.0 (Windows NT 10.0; Win64; x64) AppleWebKit/537.36 (KHTML, like Gecko) Chrome/79.0.3945.117 Safari/537.36"
::1 - - [19/Jan/2020:20:56:29 +0000] "GET /students HTTP/1.1" 200 85 "-" "Mozilla/5.0 (Windows NT 10.0; Win64; x64) AppleWebKit/537.36 (KHTML, like Gecko) Chrome/79.0.3945.117 Safari/537.36"
::1 - - [19/Jan/2020:20:56:39 +0000] "POST /students/uploadfile HTTP/1.1" 200 102 "-" "Mozilla/5.0 (Windows NT 10.0; Win64; x64) AppleWebKit/537.36 (KHTML, like Gecko) Chrome/79.0.3945.117 Safari/537.36"
::1 - - [19/Jan/2020:20:56:44 +0000] "GET /students HTTP/1.1" 200 188 "-" "Mozilla/5.0 (Windows NT 10.0; Win64; x64) AppleWebKit/537.36 (KHTML, like Gecko) Chrome/79.0.3945.117 Safari/537.36"
::1 - - [19/Jan/2020:21:02:13 +0000] "GET /students HTTP/1.1" 200 85 "-" "Mozilla/5.0 (Windows NT 10.0; Win64; x64) AppleWebKit/537.36 (KHTML, like Gecko) Chrome/79.0.3945.117 Safari/537.36"
::1 - - [19/Jan/2020:21:08:13 +0000] "POST /students HTTP/1.1" 200 102 "-" "Mozilla/5.0 (Windows NT 10.0; Win64; x64) AppleWebKit/537.36 (KHTML, like Gecko) Chrome/79.0.3945.117 Safari/537.36"
::1 - - [19/Jan/2020:21:08:17 +0000] "PATCH /students HTTP/1.1" 404 1652 "-" "Mozilla/5.0 (Windows NT 10.0; Win64; x64) AppleWebKit/537.36 (KHTML, like Gecko) Chrome/79.0.3945.117 Safari/537.36"
::1 - - [19/Jan/2020:21:08:22 +0000] "GET /students HTTP/1.1" 200 188 "-" "Mozilla/5.0 (Windows NT 10.0; Win64; x64) AppleWebKit/537.36 (KHTML, like Gecko) Chrome/79.0.3945.117 Safari/537.36"
::1 - - [19/Jan/2020:21:15:29 +0000] "GET /students HTTP/1.1" 200 85 "-" "Mozilla/5.0 (Windows NT 10.0; Win64; x64) AppleWebKit/537.36 (KHTML, like Gecko) Chrome/79.0.3945.117 Safari/537.36"
::1 - - [19/Jan/2020:21:15:31 +0000] "POST /students HTTP/1.1" 200 53 "-" "Mozilla/5.0 (Windows NT 10.0; Win64; x64) AppleWebKit/537.36 (KHTML, like Gecko) Chrome/79.0.3945.117 Safari/537.36"
::1 - - [19/Jan/2020:21:16:16 +0000] "POST /students HTTP/1.1" 200 30 "-" "Mozilla/5.0 (Windows NT 10.0; Win64; x64) AppleWebKit/537.36 (KHTML, like Gecko) Chrome/79.0.3945.117 Safari/537.36"
::1 - - [19/Jan/2020:21:16:19 +0000] "POST /students HTTP/1.1" 200 51 "-" "Mozilla/5.0 (Windows NT 10.0; Win64; x64) AppleWebKit/537.36 (KHTML, like Gecko) Chrome/79.0.3945.117 Safari/537.36"
::1 - - [19/Jan/2020:21:16:23 +0000] "POST /students HTTP/1.1" 200 30 "-" "Mozilla/5.0 (Windows NT 10.0; Win64; x64) AppleWebKit/537.36 (KHTML, like Gecko) Chrome/79.0.3945.117 Safari/537.36"
::1 - - [19/Jan/2020:21:16:26 +0000] "POST /students HTTP/1.1" 500 1491 "-" "Mozilla/5.0 (Windows NT 10.0; Win64; x64) AppleWebKit/537.36 (KHTML, like Gecko) Chrome/79.0.3945.117 Safari/537.36"
::1 - - [19/Jan/2020:21:16:29 +0000] "POST /students HTTP/1.1" 200 30 "-" "Mozilla/5.0 (Windows NT 10.0; Win64; x64) AppleWebKit/537.36 (KHTML, like Gecko) Chrome/79.0.3945.117 Safari/537.36"
::1 - - [19/Jan/2020:21:16:31 +0000] "POST /students HTTP/1.1" 200 48 "-" "Mozilla/5.0 (Windows NT 10.0; Win64; x64) AppleWebKit/537.36 (KHTML, like Gecko) Chrome/79.0.3945.117 Safari/537.36"
::1 - - [19/Jan/2020:21:16:38 +0000] "POST /students HTTP/1.1" 200 30 "-" "Mozilla/5.0 (Windows NT 10.0; Win64; x64) AppleWebKit/537.36 (KHTML, like Gecko) Chrome/79.0.3945.117 Safari/537.36"
::1 - - [19/Jan/2020:21:16:44 +0000] "POST /students HTTP/1.1" 200 30 "-" "Mozilla/5.0 (Windows NT 10.0; Win64; x64) AppleWebKit/537.36 (KHTML, like Gecko) Chrome/79.0.3945.117 Safari/537.36"
::1 - - [19/Jan/2020:21:18:24 +0000] "GET /students HTTP/1.1" 200 85 "-" "Mozilla/5.0 (Windows NT 10.0; Win64; x64) AppleWebKit/537.36 (KHTML, like Gecko) Chrome/79.0.3945.117 Safari/537.36"
